Analysis & Synthesis report for part5
Mon Sep 16 19:29:39 2024
Quartus Prime Version 21.1.0 Build 842 10/21/2021 SJ Lite Edition


---------------------
; Table of Contents ;
---------------------
  1. Legal Notice
  2. Analysis & Synthesis Summary
  3. Analysis & Synthesis Settings
  4. Parallel Compilation
  5. Analysis & Synthesis Source Files Read
  6. Analysis & Synthesis Resource Usage Summary
  7. Analysis & Synthesis Resource Utilization by Entity
  8. General Register Statistics
  9. Post-Synthesis Netlist Statistics for Top Partition
 10. Elapsed Time Per Partition
 11. Analysis & Synthesis Messages



----------------
; Legal Notice ;
----------------
Copyright (C) 2021  Intel Corporation. All rights reserved.
Your use of Intel Corporation's design tools, logic functions 
and other software and tools, and any partner logic 
functions, and any output files from any of the foregoing 
(including device programming or simulation files), and any 
associated documentation or information are expressly subject 
to the terms and conditions of the Intel Program License 
Subscription Agreement, the Intel Quartus Prime License Agreement,
the Intel FPGA IP License Agreement, or other applicable license
agreement, including, without limitation, that your use is for
the sole purpose of programming logic devices manufactured by
Intel and sold by Intel or its authorized distributors.  Please
refer to the applicable agreement for further details, at
https://fpgasoftware.intel.com/eula.



+-------------------------------------------------------------------------------+
; Analysis & Synthesis Summary                                                  ;
+---------------------------------+---------------------------------------------+
; Analysis & Synthesis Status     ; Successful - Mon Sep 16 19:29:38 2024       ;
; Quartus Prime Version           ; 21.1.0 Build 842 10/21/2021 SJ Lite Edition ;
; Revision Name                   ; part5                                       ;
; Top-level Entity Name           ; part5                                       ;
; Family                          ; Cyclone V                                   ;
; Logic utilization (in ALMs)     ; N/A                                         ;
; Total registers                 ; 30                                          ;
; Total pins                      ; 44                                          ;
; Total virtual pins              ; 0                                           ;
; Total block memory bits         ; 0                                           ;
; Total DSP Blocks                ; 0                                           ;
; Total HSSI RX PCSs              ; 0                                           ;
; Total HSSI PMA RX Deserializers ; 0                                           ;
; Total HSSI TX PCSs              ; 0                                           ;
; Total HSSI PMA TX Serializers   ; 0                                           ;
; Total PLLs                      ; 0                                           ;
; Total DLLs                      ; 0                                           ;
+---------------------------------+---------------------------------------------+


+---------------------------------------------------------------------------------------------------------------------------+
; Analysis & Synthesis Settings                                                                                             ;
+---------------------------------------------------------------------------------+--------------------+--------------------+
; Option                                                                          ; Setting            ; Default Value      ;
+---------------------------------------------------------------------------------+--------------------+--------------------+
; Device                                                                          ; 5CEBA4F23C7        ;                    ;
; Top-level entity name                                                           ; part5              ; part5              ;
; Family name                                                                     ; Cyclone V          ; Cyclone V          ;
; Use smart compilation                                                           ; Off                ; Off                ;
; Enable parallel Assembler and Timing Analyzer during compilation                ; On                 ; On                 ;
; Enable compact report table                                                     ; Off                ; Off                ;
; Restructure Multiplexers                                                        ; Auto               ; Auto               ;
; MLAB Add Timing Constraints For Mixed-Port Feed-Through Mode Setting Don't Care ; Off                ; Off                ;
; Create Debugging Nodes for IP Cores                                             ; Off                ; Off                ;
; Preserve fewer node names                                                       ; On                 ; On                 ;
; Intel FPGA IP Evaluation Mode                                                   ; Enable             ; Enable             ;
; Verilog Version                                                                 ; Verilog_2001       ; Verilog_2001       ;
; VHDL Version                                                                    ; VHDL_1993          ; VHDL_1993          ;
; State Machine Processing                                                        ; Auto               ; Auto               ;
; Safe State Machine                                                              ; Off                ; Off                ;
; Extract Verilog State Machines                                                  ; On                 ; On                 ;
; Extract VHDL State Machines                                                     ; On                 ; On                 ;
; Ignore Verilog initial constructs                                               ; Off                ; Off                ;
; Iteration limit for constant Verilog loops                                      ; 5000               ; 5000               ;
; Iteration limit for non-constant Verilog loops                                  ; 250                ; 250                ;
; Add Pass-Through Logic to Inferred RAMs                                         ; On                 ; On                 ;
; Infer RAMs from Raw Logic                                                       ; On                 ; On                 ;
; Parallel Synthesis                                                              ; On                 ; On                 ;
; DSP Block Balancing                                                             ; Auto               ; Auto               ;
; NOT Gate Push-Back                                                              ; On                 ; On                 ;
; Power-Up Don't Care                                                             ; On                 ; On                 ;
; Remove Redundant Logic Cells                                                    ; Off                ; Off                ;
; Remove Duplicate Registers                                                      ; On                 ; On                 ;
; Ignore CARRY Buffers                                                            ; Off                ; Off                ;
; Ignore CASCADE Buffers                                                          ; Off                ; Off                ;
; Ignore GLOBAL Buffers                                                           ; Off                ; Off                ;
; Ignore ROW GLOBAL Buffers                                                       ; Off                ; Off                ;
; Ignore LCELL Buffers                                                            ; Off                ; Off                ;
; Ignore SOFT Buffers                                                             ; On                 ; On                 ;
; Limit AHDL Integers to 32 Bits                                                  ; Off                ; Off                ;
; Optimization Technique                                                          ; Balanced           ; Balanced           ;
; Carry Chain Length                                                              ; 70                 ; 70                 ;
; Auto Carry Chains                                                               ; On                 ; On                 ;
; Auto Open-Drain Pins                                                            ; On                 ; On                 ;
; Perform WYSIWYG Primitive Resynthesis                                           ; Off                ; Off                ;
; Auto ROM Replacement                                                            ; On                 ; On                 ;
; Auto RAM Replacement                                                            ; On                 ; On                 ;
; Auto DSP Block Replacement                                                      ; On                 ; On                 ;
; Auto Shift Register Replacement                                                 ; Auto               ; Auto               ;
; Allow Shift Register Merging across Hierarchies                                 ; Auto               ; Auto               ;
; Auto Clock Enable Replacement                                                   ; On                 ; On                 ;
; Strict RAM Replacement                                                          ; Off                ; Off                ;
; Allow Synchronous Control Signals                                               ; On                 ; On                 ;
; Force Use of Synchronous Clear Signals                                          ; Off                ; Off                ;
; Auto Resource Sharing                                                           ; Off                ; Off                ;
; Allow Any RAM Size For Recognition                                              ; Off                ; Off                ;
; Allow Any ROM Size For Recognition                                              ; Off                ; Off                ;
; Allow Any Shift Register Size For Recognition                                   ; Off                ; Off                ;
; Use LogicLock Constraints during Resource Balancing                             ; On                 ; On                 ;
; Ignore translate_off and synthesis_off directives                               ; Off                ; Off                ;
; Timing-Driven Synthesis                                                         ; On                 ; On                 ;
; Report Parameter Settings                                                       ; On                 ; On                 ;
; Report Source Assignments                                                       ; On                 ; On                 ;
; Report Connectivity Checks                                                      ; On                 ; On                 ;
; Ignore Maximum Fan-Out Assignments                                              ; Off                ; Off                ;
; Synchronization Register Chain Length                                           ; 3                  ; 3                  ;
; Power Optimization During Synthesis                                             ; Normal compilation ; Normal compilation ;
; HDL message level                                                               ; Level2             ; Level2             ;
; Suppress Register Optimization Related Messages                                 ; Off                ; Off                ;
; Number of Removed Registers Reported in Synthesis Report                        ; 5000               ; 5000               ;
; Number of Swept Nodes Reported in Synthesis Report                              ; 5000               ; 5000               ;
; Number of Inverted Registers Reported in Synthesis Report                       ; 100                ; 100                ;
; Clock MUX Protection                                                            ; On                 ; On                 ;
; Auto Gated Clock Conversion                                                     ; Off                ; Off                ;
; Block Design Naming                                                             ; Auto               ; Auto               ;
; SDC constraint protection                                                       ; Off                ; Off                ;
; Synthesis Effort                                                                ; Auto               ; Auto               ;
; Shift Register Replacement - Allow Asynchronous Clear Signal                    ; On                 ; On                 ;
; Pre-Mapping Resynthesis Optimization                                            ; Off                ; Off                ;
; Analysis & Synthesis Message Level                                              ; Medium             ; Medium             ;
; Disable Register Merging Across Hierarchies                                     ; Auto               ; Auto               ;
; Resource Aware Inference For Block RAM                                          ; On                 ; On                 ;
; Automatic Parallel Synthesis                                                    ; On                 ; On                 ;
; Partial Reconfiguration Bitstream ID                                            ; Off                ; Off                ;
+---------------------------------------------------------------------------------+--------------------+--------------------+


+------------------------------------------+
; Parallel Compilation                     ;
+----------------------------+-------------+
; Processors                 ; Number      ;
+----------------------------+-------------+
; Number detected on machine ; 4           ;
; Maximum allowed            ; 4           ;
;                            ;             ;
; Average used               ; 1.00        ;
; Maximum used               ; 4           ;
;                            ;             ;
; Usage by Processor         ; % Time Used ;
;     Processor 1            ; 100.0%      ;
;     Processors 2-4         ;   0.0%      ;
+----------------------------+-------------+


+----------------------------------------------------------------------------------------------------------------------------------------------------------+
; Analysis & Synthesis Source Files Read                                                                                                                   ;
+----------------------------------+-----------------+-----------------+-------------------------------------------------------------------------+---------+
; File Name with User-Entered Path ; Used in Netlist ; File Type       ; File Name with Absolute Path                                            ; Library ;
+----------------------------------+-----------------+-----------------+-------------------------------------------------------------------------+---------+
; part5.vhd                        ; yes             ; User VHDL File  ; E:/EXERCICIO BONATO/EXERCICIO CONTADOR/PART5/part5/part5.vhd            ;         ;
; position_counter.vhd             ; yes             ; User VHDL File  ; E:/EXERCICIO BONATO/EXERCICIO CONTADOR/PART5/part5/position_counter.vhd ;         ;
; clock_divider.vhd                ; yes             ; User VHDL File  ; E:/EXERCICIO BONATO/EXERCICIO CONTADOR/PART5/part5/clock_divider.vhd    ;         ;
+----------------------------------+-----------------+-----------------+-------------------------------------------------------------------------+---------+


+---------------------------------------------------------+
; Analysis & Synthesis Resource Usage Summary             ;
+---------------------------------------------+-----------+
; Resource                                    ; Usage     ;
+---------------------------------------------+-----------+
; Estimate of Logic utilization (ALMs needed) ; 32        ;
;                                             ;           ;
; Combinational ALUT usage for logic          ; 58        ;
;     -- 7 input functions                    ; 0         ;
;     -- 6 input functions                    ; 5         ;
;     -- 5 input functions                    ; 0         ;
;     -- 4 input functions                    ; 0         ;
;     -- <=3 input functions                  ; 53        ;
;                                             ;           ;
; Dedicated logic registers                   ; 30        ;
;                                             ;           ;
; I/O pins                                    ; 44        ;
;                                             ;           ;
; Total DSP Blocks                            ; 0         ;
;                                             ;           ;
; Maximum fan-out node                        ; clk~input ;
; Maximum fan-out                             ; 30        ;
; Total fan-out                               ; 358       ;
; Average fan-out                             ; 2.03      ;
+---------------------------------------------+-----------+


+----------------------------------------------------------------------------------------------------------------------------------------------------------------------------------------------------+
; Analysis & Synthesis Resource Utilization by Entity                                                                                                                                                ;
+----------------------------+---------------------+---------------------------+-------------------+------------+------+--------------+----------------------------+------------------+--------------+
; Compilation Hierarchy Node ; Combinational ALUTs ; Dedicated Logic Registers ; Block Memory Bits ; DSP Blocks ; Pins ; Virtual Pins ; Full Hierarchy Name        ; Entity Name      ; Library Name ;
+----------------------------+---------------------+---------------------------+-------------------+------------+------+--------------+----------------------------+------------------+--------------+
; |part5                     ; 58 (24)             ; 30 (0)                    ; 0                 ; 0          ; 44   ; 0            ; |part5                     ; part5            ; work         ;
;    |clock_divider:U1|      ; 31 (31)             ; 27 (27)                   ; 0                 ; 0          ; 0    ; 0            ; |part5|clock_divider:U1    ; clock_divider    ; work         ;
;    |position_counter:U2|   ; 3 (3)               ; 3 (3)                     ; 0                 ; 0          ; 0    ; 0            ; |part5|position_counter:U2 ; position_counter ; work         ;
+----------------------------+---------------------+---------------------------+-------------------+------------+------+--------------+----------------------------+------------------+--------------+
Note: For table entries with two numbers listed, the numbers in parentheses indicate the number of resources of the given type used by the specific entity alone. The numbers listed outside of parentheses indicate the total resources of the given type used by the specific entity and all of its sub-entities in the hierarchy.


+------------------------------------------------------+
; General Register Statistics                          ;
+----------------------------------------------+-------+
; Statistic                                    ; Value ;
+----------------------------------------------+-------+
; Total registers                              ; 30    ;
; Number of registers using Synchronous Clear  ; 26    ;
; Number of registers using Synchronous Load   ; 0     ;
; Number of registers using Asynchronous Clear ; 30    ;
; Number of registers using Asynchronous Load  ; 0     ;
; Number of registers using Clock Enable       ; 3     ;
; Number of registers using Preset             ; 0     ;
+----------------------------------------------+-------+


+-----------------------------------------------------+
; Post-Synthesis Netlist Statistics for Top Partition ;
+-----------------------+-----------------------------+
; Type                  ; Count                       ;
+-----------------------+-----------------------------+
; arriav_ff             ; 30                          ;
;     CLR               ; 1                           ;
;     CLR SCLR          ; 26                          ;
;     ENA CLR           ; 3                           ;
; arriav_lcell_comb     ; 61                          ;
;     arith             ; 26                          ;
;         1 data inputs ; 26                          ;
;     normal            ; 35                          ;
;         1 data inputs ; 4                           ;
;         2 data inputs ; 7                           ;
;         3 data inputs ; 19                          ;
;         6 data inputs ; 5                           ;
; boundary_port         ; 44                          ;
;                       ;                             ;
; Max LUT depth         ; 3.50                        ;
; Average LUT depth     ; 2.22                        ;
+-----------------------+-----------------------------+


+-------------------------------+
; Elapsed Time Per Partition    ;
+----------------+--------------+
; Partition Name ; Elapsed Time ;
+----------------+--------------+
; Top            ; 00:00:00     ;
+----------------+--------------+


+-------------------------------+
; Analysis & Synthesis Messages ;
+-------------------------------+
Info: *******************************************************************
Info: Running Quartus Prime Analysis & Synthesis
    Info: Version 21.1.0 Build 842 10/21/2021 SJ Lite Edition
    Info: Processing started: Mon Sep 16 19:29:13 2024
Info: Command: quartus_map --read_settings_files=on --write_settings_files=off part5 -c part5
Warning (18236): Number of processors has not been specified which may cause overloading on shared machines.  Set the global assignment NUM_PARALLEL_PROCESSORS in your QSF to an appropriate value for best performance.
Info (20030): Parallel compilation is enabled and will use 4 of the 4 processors detected
Info (12021): Found 2 design units, including 1 entities, in source file part5.vhd
    Info (12022): Found design unit 1: part5-Behavioral File: E:/EXERCICIO BONATO/EXERCICIO CONTADOR/PART5/part5/part5.vhd Line: 18
    Info (12023): Found entity 1: part5 File: E:/EXERCICIO BONATO/EXERCICIO CONTADOR/PART5/part5/part5.vhd Line: 5
Info (12021): Found 2 design units, including 1 entities, in source file position_counter.vhd
    Info (12022): Found design unit 1: position_counter-Behavioral File: E:/EXERCICIO BONATO/EXERCICIO CONTADOR/PART5/part5/position_counter.vhd Line: 14
    Info (12023): Found entity 1: position_counter File: E:/EXERCICIO BONATO/EXERCICIO CONTADOR/PART5/part5/position_counter.vhd Line: 5
Info (12021): Found 2 design units, including 1 entities, in source file clock_divider.vhd
    Info (12022): Found design unit 1: clock_divider-Behavioral File: E:/EXERCICIO BONATO/EXERCICIO CONTADOR/PART5/part5/clock_divider.vhd Line: 13
    Info (12023): Found entity 1: clock_divider File: E:/EXERCICIO BONATO/EXERCICIO CONTADOR/PART5/part5/clock_divider.vhd Line: 5
Info (12127): Elaborating entity "part5" for the top level hierarchy
Warning (10492): VHDL Process Statement warning at part5.vhd(101): signal "char0" is read inside the Process Statement but isn't in the Process Statement's sensitivity list File: E:/EXERCICIO BONATO/EXERCICIO CONTADOR/PART5/part5/part5.vhd Line: 101
Warning (10492): VHDL Process Statement warning at part5.vhd(102): signal "char1" is read inside the Process Statement but isn't in the Process Statement's sensitivity list File: E:/EXERCICIO BONATO/EXERCICIO CONTADOR/PART5/part5/part5.vhd Line: 102
Warning (10492): VHDL Process Statement warning at part5.vhd(103): signal "chare" is read inside the Process Statement but isn't in the Process Statement's sensitivity list File: E:/EXERCICIO BONATO/EXERCICIO CONTADOR/PART5/part5/part5.vhd Line: 103
Warning (10492): VHDL Process Statement warning at part5.vhd(104): signal "chard" is read inside the Process Statement but isn't in the Process Statement's sensitivity list File: E:/EXERCICIO BONATO/EXERCICIO CONTADOR/PART5/part5/part5.vhd Line: 104
Warning (10492): VHDL Process Statement warning at part5.vhd(105): signal "charnulo" is read inside the Process Statement but isn't in the Process Statement's sensitivity list File: E:/EXERCICIO BONATO/EXERCICIO CONTADOR/PART5/part5/part5.vhd Line: 105
Warning (10492): VHDL Process Statement warning at part5.vhd(106): signal "charnulo" is read inside the Process Statement but isn't in the Process Statement's sensitivity list File: E:/EXERCICIO BONATO/EXERCICIO CONTADOR/PART5/part5/part5.vhd Line: 106
Warning (10492): VHDL Process Statement warning at part5.vhd(108): signal "charnulo" is read inside the Process Statement but isn't in the Process Statement's sensitivity list File: E:/EXERCICIO BONATO/EXERCICIO CONTADOR/PART5/part5/part5.vhd Line: 108
Warning (10492): VHDL Process Statement warning at part5.vhd(109): signal "char0" is read inside the Process Statement but isn't in the Process Statement's sensitivity list File: E:/EXERCICIO BONATO/EXERCICIO CONTADOR/PART5/part5/part5.vhd Line: 109
Warning (10492): VHDL Process Statement warning at part5.vhd(110): signal "char1" is read inside the Process Statement but isn't in the Process Statement's sensitivity list File: E:/EXERCICIO BONATO/EXERCICIO CONTADOR/PART5/part5/part5.vhd Line: 110
Warning (10492): VHDL Process Statement warning at part5.vhd(111): signal "chare" is read inside the Process Statement but isn't in the Process Statement's sensitivity list File: E:/EXERCICIO BONATO/EXERCICIO CONTADOR/PART5/part5/part5.vhd Line: 111
Warning (10492): VHDL Process Statement warning at part5.vhd(112): signal "chard" is read inside the Process Statement but isn't in the Process Statement's sensitivity list File: E:/EXERCICIO BONATO/EXERCICIO CONTADOR/PART5/part5/part5.vhd Line: 112
Warning (10492): VHDL Process Statement warning at part5.vhd(113): signal "charnulo" is read inside the Process Statement but isn't in the Process Statement's sensitivity list File: E:/EXERCICIO BONATO/EXERCICIO CONTADOR/PART5/part5/part5.vhd Line: 113
Warning (10492): VHDL Process Statement warning at part5.vhd(115): signal "charnulo" is read inside the Process Statement but isn't in the Process Statement's sensitivity list File: E:/EXERCICIO BONATO/EXERCICIO CONTADOR/PART5/part5/part5.vhd Line: 115
Warning (10492): VHDL Process Statement warning at part5.vhd(116): signal "charnulo" is read inside the Process Statement but isn't in the Process Statement's sensitivity list File: E:/EXERCICIO BONATO/EXERCICIO CONTADOR/PART5/part5/part5.vhd Line: 116
Warning (10492): VHDL Process Statement warning at part5.vhd(117): signal "char0" is read inside the Process Statement but isn't in the Process Statement's sensitivity list File: E:/EXERCICIO BONATO/EXERCICIO CONTADOR/PART5/part5/part5.vhd Line: 117
Warning (10492): VHDL Process Statement warning at part5.vhd(118): signal "char1" is read inside the Process Statement but isn't in the Process Statement's sensitivity list File: E:/EXERCICIO BONATO/EXERCICIO CONTADOR/PART5/part5/part5.vhd Line: 118
Warning (10492): VHDL Process Statement warning at part5.vhd(119): signal "chare" is read inside the Process Statement but isn't in the Process Statement's sensitivity list File: E:/EXERCICIO BONATO/EXERCICIO CONTADOR/PART5/part5/part5.vhd Line: 119
Warning (10492): VHDL Process Statement warning at part5.vhd(120): signal "chard" is read inside the Process Statement but isn't in the Process Statement's sensitivity list File: E:/EXERCICIO BONATO/EXERCICIO CONTADOR/PART5/part5/part5.vhd Line: 120
Warning (10492): VHDL Process Statement warning at part5.vhd(122): signal "chard" is read inside the Process Statement but isn't in the Process Statement's sensitivity list File: E:/EXERCICIO BONATO/EXERCICIO CONTADOR/PART5/part5/part5.vhd Line: 122
Warning (10492): VHDL Process Statement warning at part5.vhd(123): signal "charnulo" is read inside the Process Statement but isn't in the Process Statement's sensitivity list File: E:/EXERCICIO BONATO/EXERCICIO CONTADOR/PART5/part5/part5.vhd Line: 123
Warning (10492): VHDL Process Statement warning at part5.vhd(124): signal "charnulo" is read inside the Process Statement but isn't in the Process Statement's sensitivity list File: E:/EXERCICIO BONATO/EXERCICIO CONTADOR/PART5/part5/part5.vhd Line: 124
Warning (10492): VHDL Process Statement warning at part5.vhd(125): signal "char0" is read inside the Process Statement but isn't in the Process Statement's sensitivity list File: E:/EXERCICIO BONATO/EXERCICIO CONTADOR/PART5/part5/part5.vhd Line: 125
Warning (10492): VHDL Process Statement warning at part5.vhd(126): signal "char1" is read inside the Process Statement but isn't in the Process Statement's sensitivity list File: E:/EXERCICIO BONATO/EXERCICIO CONTADOR/PART5/part5/part5.vhd Line: 126
Warning (10492): VHDL Process Statement warning at part5.vhd(127): signal "chare" is read inside the Process Statement but isn't in the Process Statement's sensitivity list File: E:/EXERCICIO BONATO/EXERCICIO CONTADOR/PART5/part5/part5.vhd Line: 127
Warning (10492): VHDL Process Statement warning at part5.vhd(129): signal "chare" is read inside the Process Statement but isn't in the Process Statement's sensitivity list File: E:/EXERCICIO BONATO/EXERCICIO CONTADOR/PART5/part5/part5.vhd Line: 129
Warning (10492): VHDL Process Statement warning at part5.vhd(130): signal "chard" is read inside the Process Statement but isn't in the Process Statement's sensitivity list File: E:/EXERCICIO BONATO/EXERCICIO CONTADOR/PART5/part5/part5.vhd Line: 130
Warning (10492): VHDL Process Statement warning at part5.vhd(131): signal "charnulo" is read inside the Process Statement but isn't in the Process Statement's sensitivity list File: E:/EXERCICIO BONATO/EXERCICIO CONTADOR/PART5/part5/part5.vhd Line: 131
Warning (10492): VHDL Process Statement warning at part5.vhd(132): signal "charnulo" is read inside the Process Statement but isn't in the Process Statement's sensitivity list File: E:/EXERCICIO BONATO/EXERCICIO CONTADOR/PART5/part5/part5.vhd Line: 132
Warning (10492): VHDL Process Statement warning at part5.vhd(133): signal "char0" is read inside the Process Statement but isn't in the Process Statement's sensitivity list File: E:/EXERCICIO BONATO/EXERCICIO CONTADOR/PART5/part5/part5.vhd Line: 133
Warning (10492): VHDL Process Statement warning at part5.vhd(134): signal "char1" is read inside the Process Statement but isn't in the Process Statement's sensitivity list File: E:/EXERCICIO BONATO/EXERCICIO CONTADOR/PART5/part5/part5.vhd Line: 134
Warning (10492): VHDL Process Statement warning at part5.vhd(136): signal "char1" is read inside the Process Statement but isn't in the Process Statement's sensitivity list File: E:/EXERCICIO BONATO/EXERCICIO CONTADOR/PART5/part5/part5.vhd Line: 136
Warning (10492): VHDL Process Statement warning at part5.vhd(137): signal "chare" is read inside the Process Statement but isn't in the Process Statement's sensitivity list File: E:/EXERCICIO BONATO/EXERCICIO CONTADOR/PART5/part5/part5.vhd Line: 137
Warning (10492): VHDL Process Statement warning at part5.vhd(138): signal "chard" is read inside the Process Statement but isn't in the Process Statement's sensitivity list File: E:/EXERCICIO BONATO/EXERCICIO CONTADOR/PART5/part5/part5.vhd Line: 138
Warning (10492): VHDL Process Statement warning at part5.vhd(139): signal "charnulo" is read inside the Process Statement but isn't in the Process Statement's sensitivity list File: E:/EXERCICIO BONATO/EXERCICIO CONTADOR/PART5/part5/part5.vhd Line: 139
Warning (10492): VHDL Process Statement warning at part5.vhd(140): signal "charnulo" is read inside the Process Statement but isn't in the Process Statement's sensitivity list File: E:/EXERCICIO BONATO/EXERCICIO CONTADOR/PART5/part5/part5.vhd Line: 140
Warning (10492): VHDL Process Statement warning at part5.vhd(141): signal "char0" is read inside the Process Statement but isn't in the Process Statement's sensitivity list File: E:/EXERCICIO BONATO/EXERCICIO CONTADOR/PART5/part5/part5.vhd Line: 141
Info (12128): Elaborating entity "clock_divider" for hierarchy "clock_divider:U1" File: E:/EXERCICIO BONATO/EXERCICIO CONTADOR/PART5/part5/part5.vhd Line: 75
Info (12128): Elaborating entity "position_counter" for hierarchy "position_counter:U2" File: E:/EXERCICIO BONATO/EXERCICIO CONTADOR/PART5/part5/part5.vhd Line: 82
Info (286030): Timing-Driven Synthesis is running
Info (16010): Generating hard_block partition "hard_block:auto_generated_inst"
    Info (16011): Adding 0 node(s), including 0 DDIO, 0 PLL, 0 transceiver and 0 LCELL
Info (21057): Implemented 103 device resources after synthesis - the final resource count might be different
    Info (21058): Implemented 2 input pins
    Info (21059): Implemented 42 output pins
    Info (21061): Implemented 59 logic cells
Info: Quartus Prime Analysis & Synthesis was successful. 0 errors, 37 warnings
    Info: Peak virtual memory: 4872 megabytes
    Info: Processing ended: Mon Sep 16 19:29:39 2024
    Info: Elapsed time: 00:00:26
    Info: Total CPU time (on all processors): 00:00:18


